#
# A fatal error has been detected by the Java Runtime Environment:
#
#  EXCEPTION_ACCESS_VIOLATION (0xc0000005) at pc=0x000000006626cbd7, pid=7956, tid=1292
#
# JRE version: Java(TM) SE Runtime Environment (8.0_20-b26) (build 1.8.0_20-b26)
# Java VM: Java HotSpot(TM) 64-Bit Server VM (25.20-b23 mixed mode windows-amd64 compressed oops)
# Problematic frame:
# V  [jvm.dll+0x47cbd7]
#
# Failed to write core dump. Minidumps are not enabled by default on client versions of Windows
#
# If you would like to submit a bug report, please visit:
#   http://bugreport.sun.com/bugreport/crash.jsp
#

---------------  T H R E A D  ---------------

Current thread (0x0000000019f43000):  JavaThread "C2 CompilerThread0" daemon [_thread_in_native, id=1292, stack(0x000000001a740000,0x000000001a840000)]

siginfo: ExceptionCode=0xc0000005, reading address 0x00000040665cbb98

Registers:
RAX=0x0000000000000000, RBX=0x000000001a83bef0, RCX=0x000000001e4040a0, RDX=0x00000000271c7f40
RSP=0x000000001a83bd70, RBP=0x000000001a83e6e0, RSI=0x0000000000000043, RDI=0x0000000000000218
R8 =0x0000000000040000, R9 =0x000000001e3fe0e0, R10=0x0000000000000005, R11=0x000000001a83bd80
R12=0x00000040665cbb98, R13=0x00000000271c7f40, R14=0x00000000665cbb98, R15=0x0000000000000000
RIP=0x000000006626cbd7, EFLAGS=0x0000000000010246

Top of Stack: (sp=0x000000001a83bd70)
0x000000001a83bd70:   000000001a83bef0 00000000662a13c4
0x000000001a83bd80:   0000000000000000 00000000211dae00
0x000000001a83bd90:   000000001c71e120 00000000211db288
0x000000001a83bda0:   0000000000000005 0000000066268efc
0x000000001a83bdb0:   000000001a83beb0 000000001a83c360
0x000000001a83bdc0:   000000001c71e220 0000000000000343
0x000000001a83bdd0:   0000000500000000 0000000400000001
0x000000001a83bde0:   0000283200000000 00000000211dae00
0x000000001a83bdf0:   00000343fffffffe 0000000005155455
0x000000001a83be00:   0000000000000000 0000000000000000
0x000000001a83be10:   0000000000000000 0000000000000000
0x000000001a83be20:   0000392300000000 0303030300000008
0x000000001a83be30:   000000001e4033e0 0000000000000048
0x000000001a83be40:   000000001e4036b0 0000000000000048
0x000000001a83be50:   000000001a83bef0 0000000000000001
0x000000001a83be60:   0000000000000001 0000000000000000 

Instructions: (pc=0x000000006626cbd7)
0x000000006626cbb7:   8d c0 07 00 00 48 8b 01 48 89 85 c0 07 00 00 33
0x000000006626cbc7:   c0 48 89 01 48 89 41 08 48 89 41 10 48 89 41 18
0x000000006626cbd7:   41 8b 04 24 89 01 41 8b 44 24 04 89 41 04 41 8b
0x000000006626cbe7:   44 24 08 89 41 08 41 8b 44 24 0c 89 41 0c 41 8b 


Register to memory mapping:

RAX=0x0000000000000000 is an unknown value
RBX=0x000000001a83bef0 is pointing into the stack for thread: 0x0000000019f43000
RCX=0x000000001e4040a0 is an unknown value
RDX=0x00000000271c7f40 is an unknown value
RSP=0x000000001a83bd70 is pointing into the stack for thread: 0x0000000019f43000
RBP=0x000000001a83e6e0 is pointing into the stack for thread: 0x0000000019f43000
RSI=0x0000000000000043 is an unknown value
RDI=0x0000000000000218 is an unknown value
R8 =0x0000000000040000 is an unknown value
R9 =0x000000001e3fe0e0 is an unknown value
R10=0x0000000000000005 is an unknown value
R11=0x000000001a83bd80 is pointing into the stack for thread: 0x0000000019f43000
R12=0x00000040665cbb98 is an unknown value
R13=0x00000000271c7f40 is an unknown value
R14=0x00000000665cbb98 is an unknown value
R15=0x0000000000000000 is an unknown value


Stack: [0x000000001a740000,0x000000001a840000],  sp=0x000000001a83bd70,  free space=1007k
Native frames: (J=compiled Java code, j=interpreted, Vv=VM code, C=native code)
V  [jvm.dll+0x47cbd7]
V  [jvm.dll+0x478efc]
V  [jvm.dll+0x44519e]
V  [jvm.dll+0x4500de]
V  [jvm.dll+0x4526c8]
V  [jvm.dll+0x435fc2]
V  [jvm.dll+0x97b62]
V  [jvm.dll+0x98353]
V  [jvm.dll+0x22aac4]
V  [jvm.dll+0x283f5a]
C  [msvcr100.dll+0x21d9f]
C  [msvcr100.dll+0x21e3b]
C  [KERNEL32.DLL+0x17974]
C  [ntdll.dll+0x6a271]


Current CompileTask:
C2:  10467 4376       4       org.apache.catalina.startup.ContextConfig::populateJavaClassCache (79 bytes)


---------------  P R O C E S S  ---------------

Java Threads: ( => current thread )
  0x000000001d214800 JavaThread "localhost-startStop-1" daemon [_thread_in_native, id=12224, stack(0x0000000020350000,0x0000000020450000)]
  0x000000001e7bd800 JavaThread "Tomcat-startStop-1" daemon [_thread_blocked, id=7360, stack(0x000000001dbc0000,0x000000001dcc0000)]
  0x0000000019fd7800 JavaThread "Service Thread" daemon [_thread_blocked, id=5272, stack(0x000000001ab40000,0x000000001ac40000)]
  0x0000000019f4d800 JavaThread "C1 CompilerThread3" daemon [_thread_blocked, id=7972, stack(0x000000001aa40000,0x000000001ab40000)]
  0x0000000019f4a800 JavaThread "C2 CompilerThread2" daemon [_thread_in_native, id=7356, stack(0x000000001a940000,0x000000001aa40000)]
  0x0000000019f4a000 JavaThread "C2 CompilerThread1" daemon [_thread_in_native, id=9920, stack(0x000000001a840000,0x000000001a940000)]
=>0x0000000019f43000 JavaThread "C2 CompilerThread0" daemon [_thread_in_native, id=1292, stack(0x000000001a740000,0x000000001a840000)]
  0x0000000019edd000 JavaThread "JDWP Command Reader" daemon [_thread_in_native, id=15276, stack(0x000000001a640000,0x000000001a740000)]
  0x0000000019edc000 JavaThread "JDWP Event Helper Thread" daemon [_thread_blocked, id=15028, stack(0x000000001a540000,0x000000001a640000)]
  0x0000000019ed1000 JavaThread "JDWP Transport Listener: dt_socket" daemon [_thread_blocked, id=16664, stack(0x000000001a440000,0x000000001a540000)]
  0x0000000019e80000 JavaThread "Attach Listener" daemon [_thread_blocked, id=12988, stack(0x000000001a340000,0x000000001a440000)]
  0x0000000019ed0800 JavaThread "Signal Dispatcher" daemon [_thread_blocked, id=13644, stack(0x000000001a240000,0x000000001a340000)]
  0x0000000017e5c800 JavaThread "Finalizer" daemon [_thread_blocked, id=8016, stack(0x0000000019d40000,0x0000000019e40000)]
  0x0000000002e33800 JavaThread "Reference Handler" daemon [_thread_blocked, id=8276, stack(0x0000000019c40000,0x0000000019d40000)]
  0x0000000002d42800 JavaThread "main" [_thread_blocked, id=6036, stack(0x0000000002ad0000,0x0000000002bd0000)]

Other Threads:
  0x0000000017e57800 VMThread [stack: 0x0000000019b40000,0x0000000019c40000] [id=10940]
  0x0000000019fdc000 WatcherThread [stack: 0x000000001ac40000,0x000000001ad40000] [id=11096]

VM state:not at safepoint (normal execution)

VM Mutex/Monitor currently owned by a thread: None

Heap:
 PSYoungGen      total 97792K, used 40300K [0x00000000d5800000, 0x00000000df300000, 0x0000000100000000)
  eden space 84480K, 31% used [0x00000000d5800000,0x00000000d7262b30,0x00000000daa80000)
  from space 13312K, 99% used [0x00000000daa80000,0x00000000db7785d8,0x00000000db780000)
  to   space 16384K, 0% used [0x00000000de300000,0x00000000de300000,0x00000000df300000)
 ParOldGen       total 61952K, used 24225K [0x0000000080800000, 0x0000000084480000, 0x00000000d5800000)
  object space 61952K, 39% used [0x0000000080800000,0x0000000081fa8798,0x0000000084480000)
 Metaspace       used 24654K, capacity 25266K, committed 25600K, reserved 1071104K
  class space    used 2825K, capacity 2967K, committed 3072K, reserved 1048576K

Card table byte_map: [0x0000000012200000,0x0000000012600000] byte_map_base: 0x0000000011dfc000

Marking Bits: (ParMarkBitMap*) 0x00000000665cb460
 Begin Bits: [0x00000000130b0000, 0x0000000015090000)
 End Bits:   [0x0000000015090000, 0x0000000017070000)

Polling page: 0x0000000000b10000

CodeCache: size=245760Kb used=14378Kb max_used=14416Kb free=231381Kb
 bounds [0x0000000002e40000, 0x0000000003ca0000, 0x0000000011e40000]
 total_blobs=4208 nmethods=3804 adapters=323
 compilation: enabled

Compilation events (10 events):
Event: 10.313 Thread 0x0000000019f4d800 4415       1       org.apache.catalina.deploy.WebXml::getPostConstructMethods (5 bytes)
Event: 10.313 Thread 0x0000000019f4a000 nmethod 4382% 0x0000000003bfa3d0 code [0x0000000003bfa680, 0x0000000003bfba40]
Event: 10.313 Thread 0x0000000019f4d800 nmethod 4415 0x00000000035e4e90 code [0x00000000035e4fe0, 0x00000000035e50f0]
Event: 10.313 Thread 0x0000000019f4a000 4377       4       org.apache.tomcat.util.bcel.classfile.ClassParser::readAttributes (47 bytes)
Event: 10.313 Thread 0x0000000019f4d800 4416       1       org.apache.catalina.deploy.WebXml::getPreDestroyMethods (5 bytes)
Event: 10.313 Thread 0x0000000019f4d800 nmethod 4416 0x00000000035e4b90 code [0x00000000035e4ce0, 0x00000000035e4df0]
Event: 10.316 Thread 0x0000000019f4a000 nmethod 4377 0x0000000003767c90 code [0x0000000003767e00, 0x0000000003768078]
Event: 10.316 Thread 0x0000000019f4a000 4383   !   4       org.apache.tomcat.util.bcel.classfile.ClassParser::parse (294 bytes)
Event: 10.415 Thread 0x0000000019f4a800 nmethod 4360 0x0000000003c70190 code [0x0000000003c70d60, 0x0000000003c7ee90]
Event: 10.415 Thread 0x0000000019f4a800 4418       4       org.apache.tomcat.util.bcel.classfile.JavaClass::<init> (278 bytes)

GC Heap History (10 events):
Event: 9.349 GC heap before
{Heap before GC invocations=12 (full 1):
 PSYoungGen      total 47616K, used 47318K [0x00000000d5800000, 0x00000000d9680000, 0x0000000100000000)
  eden space 42496K, 99% used [0x00000000d5800000,0x00000000d817eae0,0x00000000d8180000)
  from space 5120K, 94% used [0x00000000d9180000,0x00000000d9636d50,0x00000000d9680000)
  to   space 8704K, 0% used [0x00000000d8580000,0x00000000d8580000,0x00000000d8e00000)
 ParOldGen       total 61952K, used 11835K [0x0000000080800000, 0x0000000084480000, 0x00000000d5800000)
  object space 61952K, 19% used [0x0000000080800000,0x000000008138ef40,0x0000000084480000)
 Metaspace       used 24604K, capacity 25198K, committed 25344K, reserved 1071104K
  class space    used 2824K, capacity 2967K, committed 3072K, reserved 1048576K
Event: 9.355 GC heap after
Heap after GC invocations=12 (full 1):
 PSYoungGen      total 55296K, used 7875K [0x00000000d5800000, 0x00000000da400000, 0x0000000100000000)
  eden space 46592K, 0% used [0x00000000d5800000,0x00000000d5800000,0x00000000d8580000)
  from space 8704K, 90% used [0x00000000d8580000,0x00000000d8d30df8,0x00000000d8e00000)
  to   space 9216K, 0% used [0x00000000d9b00000,0x00000000d9b00000,0x00000000da400000)
 ParOldGen       total 61952K, used 14514K [0x0000000080800000, 0x0000000084480000, 0x00000000d5800000)
  object space 61952K, 23% used [0x0000000080800000,0x000000008162c848,0x0000000084480000)
 Metaspace       used 24604K, capacity 25198K, committed 25344K, reserved 1071104K
  class space    used 2824K, capacity 2967K, committed 3072K, reserved 1048576K
}
Event: 9.540 GC heap before
{Heap before GC invocations=13 (full 1):
 PSYoungGen      total 55296K, used 54467K [0x00000000d5800000, 0x00000000da400000, 0x0000000100000000)
  eden space 46592K, 100% used [0x00000000d5800000,0x00000000d8580000,0x00000000d8580000)
  from space 8704K, 90% used [0x00000000d8580000,0x00000000d8d30df8,0x00000000d8e00000)
  to   space 9216K, 0% used [0x00000000d9b00000,0x00000000d9b00000,0x00000000da400000)
 ParOldGen       total 61952K, used 14514K [0x0000000080800000, 0x0000000084480000, 0x00000000d5800000)
  object space 61952K, 23% used [0x0000000080800000,0x000000008162c848,0x0000000084480000)
 Metaspace       used 24637K, capacity 25262K, committed 25600K, reserved 1071104K
  class space    used 2824K, capacity 2967K, committed 3072K, reserved 1048576K
Event: 9.550 GC heap after
Heap after GC invocations=13 (full 1):
 PSYoungGen      total 67584K, used 9203K [0x00000000d5800000, 0x00000000dae00000, 0x0000000100000000)
  eden space 58368K, 0% used [0x00000000d5800000,0x00000000d5800000,0x00000000d9100000)
  from space 9216K, 99% used [0x00000000d9b00000,0x00000000da3fcde0,0x00000000da400000)
  to   space 10240K, 0% used [0x00000000d9100000,0x00000000d9100000,0x00000000d9b00000)
 ParOldGen       total 61952K, used 15800K [0x0000000080800000, 0x0000000084480000, 0x00000000d5800000)
  object space 61952K, 25% used [0x0000000080800000,0x000000008176e298,0x0000000084480000)
 Metaspace       used 24637K, capacity 25262K, committed 25600K, reserved 1071104K
  class space    used 2824K, capacity 2967K, committed 3072K, reserved 1048576K
}
Event: 9.780 GC heap before
{Heap before GC invocations=14 (full 1):
 PSYoungGen      total 67584K, used 67571K [0x00000000d5800000, 0x00000000dae00000, 0x0000000100000000)
  eden space 58368K, 100% used [0x00000000d5800000,0x00000000d9100000,0x00000000d9100000)
  from space 9216K, 99% used [0x00000000d9b00000,0x00000000da3fcde0,0x00000000da400000)
  to   space 10240K, 0% used [0x00000000d9100000,0x00000000d9100000,0x00000000d9b00000)
 ParOldGen       total 61952K, used 15800K [0x0000000080800000, 0x0000000084480000, 0x00000000d5800000)
  object space 61952K, 25% used [0x0000000080800000,0x000000008176e298,0x0000000084480000)
 Metaspace       used 24648K, capacity 25266K, committed 25600K, reserved 1071104K
  class space    used 2825K, capacity 2967K, committed 3072K, reserved 1048576K
Event: 9.789 GC heap after
Heap after GC invocations=14 (full 1):
 PSYoungGen      total 68608K, used 10239K [0x00000000d5800000, 0x00000000dc380000, 0x0000000100000000)
  eden space 58368K, 0% used [0x00000000d5800000,0x00000000d5800000,0x00000000d9100000)
  from space 10240K, 99% used [0x00000000d9100000,0x00000000d9afff38,0x00000000d9b00000)
  to   space 12288K, 0% used [0x00000000db780000,0x00000000db780000,0x00000000dc380000)
 ParOldGen       total 61952K, used 17944K [0x0000000080800000, 0x0000000084480000, 0x00000000d5800000)
  object space 61952K, 28% used [0x0000000080800000,0x00000000819863e8,0x0000000084480000)
 Metaspace       used 24648K, capacity 25266K, committed 25600K, reserved 1071104K
  class space    used 2825K, capacity 2967K, committed 3072K, reserved 1048576K
}
Event: 10.016 GC heap before
{Heap before GC invocations=15 (full 1):
 PSYoungGen      total 68608K, used 68607K [0x00000000d5800000, 0x00000000dc380000, 0x0000000100000000)
  eden space 58368K, 100% used [0x00000000d5800000,0x00000000d9100000,0x00000000d9100000)
  from space 10240K, 99% used [0x00000000d9100000,0x00000000d9afff38,0x00000000d9b00000)
  to   space 12288K, 0% used [0x00000000db780000,0x00000000db780000,0x00000000dc380000)
 ParOldGen       total 61952K, used 17944K [0x0000000080800000, 0x0000000084480000, 0x00000000d5800000)
  object space 61952K, 28% used [0x0000000080800000,0x00000000819863e8,0x0000000084480000)
 Metaspace       used 24649K, capacity 25266K, committed 25600K, reserved 1071104K
  class space    used 2825K, capacity 2967K, committed 3072K, reserved 1048576K
Event: 10.029 GC heap after
Heap after GC invocations=15 (full 1):
 PSYoungGen      total 96768K, used 11303K [0x00000000d5800000, 0x00000000dc700000, 0x0000000100000000)
  eden space 84480K, 0% used [0x00000000d5800000,0x00000000d5800000,0x00000000daa80000)
  from space 12288K, 91% used [0x00000000db780000,0x00000000dc289f28,0x00000000dc380000)
  to   space 13312K, 0% used [0x00000000daa80000,0x00000000daa80000,0x00000000db780000)
 ParOldGen       total 61952K, used 20092K [0x0000000080800000, 0x0000000084480000, 0x00000000d5800000)
  object space 61952K, 32% used [0x0000000080800000,0x0000000081b9f070,0x0000000084480000)
 Metaspace       used 24649K, capacity 25266K, committed 25600K, reserved 1071104K
  class space    used 2825K, capacity 2967K, committed 3072K, reserved 1048576K
}
Event: 10.363 GC heap before
{Heap before GC invocations=16 (full 1):
 PSYoungGen      total 96768K, used 95783K [0x00000000d5800000, 0x00000000dc700000, 0x0000000100000000)
  eden space 84480K, 100% used [0x00000000d5800000,0x00000000daa80000,0x00000000daa80000)
  from space 12288K, 91% used [0x00000000db780000,0x00000000dc289f28,0x00000000dc380000)
  to   space 13312K, 0% used [0x00000000daa80000,0x00000000daa80000,0x00000000db780000)
 ParOldGen       total 61952K, used 20092K [0x0000000080800000, 0x0000000084480000, 0x00000000d5800000)
  object space 61952K, 32% used [0x0000000080800000,0x0000000081b9f070,0x0000000084480000)
 Metaspace       used 24654K, capacity 25266K, committed 25600K, reserved 1071104K
  class space    used 2825K, capacity 2967K, committed 3072K, reserved 1048576K
Event: 10.379 GC heap after
Heap after GC invocations=16 (full 1):
 PSYoungGen      total 97792K, used 13281K [0x00000000d5800000, 0x00000000df300000, 0x0000000100000000)
  eden space 84480K, 0% used [0x00000000d5800000,0x00000000d5800000,0x00000000daa80000)
  from space 13312K, 99% used [0x00000000daa80000,0x00000000db7785d8,0x00000000db780000)
  to   space 16384K, 0% used [0x00000000de300000,0x00000000de300000,0x00000000df300000)
 ParOldGen       total 61952K, used 24225K [0x0000000080800000, 0x0000000084480000, 0x00000000d5800000)
  object space 61952K, 39% used [0x0000000080800000,0x0000000081fa8798,0x0000000084480000)
 Metaspace       used 24654K, capacity 25266K, committed 25600K, reserved 1071104K
  class space    used 2825K, capacity 2967K, committed 3072K, reserved 1048576K
}

Deoptimization events (10 events):
Event: 8.942 Thread 0x000000001d214800 Uncommon trap: reason=unreached action=reinterpret pc=0x00000000030698d4 method=sun.misc.URLClassPath$JarLoader.getResource(Ljava/lang/String;Z)Lsun/misc/Resource; @ 62
Event: 8.948 Thread 0x000000001d214800 Uncommon trap: reason=class_check action=maybe_recompile pc=0x000000000321f630 method=java.util.Hashtable.addEntry(ILjava/lang/Object;Ljava/lang/Object;I)V @ 38
Event: 9.219 Thread 0x000000001d214800 Uncommon trap: reason=unloaded action=reinterpret pc=0x0000000003b48d20 method=org.apache.tomcat.util.bcel.classfile.Constant.readConstant(Ljava/io/DataInputStream;)Lorg/apache/tomcat/util/bcel/classfile/Constant; @ 164
Event: 9.267 Thread 0x000000001d214800 Uncommon trap: reason=unloaded action=reinterpret pc=0x0000000003b724a4 method=org.apache.tomcat.util.bcel.classfile.Attribute.readAttribute(Ljava/io/DataInputStream;Lorg/apache/tomcat/util/bcel/classfile/ConstantPool;)Lorg/apache/tomcat/util/bcel/classfilPÔãc¹"@
Event: 9.362 Thread 0x000000001d214800 Uncommon trap: reason=unloaded action=reinterpret pc=0x0000000003baf624 method=org.apache.tomcat.util.bcel.classfile.Attribute.readAttribute(Ljava/io/DataInputStream;Lorg/apache/tomcat/util/bcel/classfile/ConstantPool;)Lorg/apache/tomcat/util/bcel/classfilÕ'}™;#@
Event: 9.616 Thread 0x000000001d214800 Uncommon trap: reason=unloaded action=reinterpret pc=0x0000000003be9e2c method=org.apache.tomcat.util.bcel.classfile.Attribute.readAttribute(Ljava/io/DataInputStream;Lorg/apache/tomcat/util/bcel/classfile/ConstantPool;)Lorg/apache/tomcat/util/bcel/classfilIuðÛ{#@
Event: 9.742 Thread 0x000000001d214800 Uncommon trap: reason=class_check action=maybe_recompile pc=0x0000000003c0bcd4 method=org.apache.tomcat.util.bcel.classfile.JavaClass.getAnnotationEntries()[Lorg/apache/tomcat/util/bcel/classfile/AnnotationEntry; @ 43
Event: 9.743 Thread 0x000000001d214800 Uncommon trap: reason=class_check action=maybe_recompile pc=0x0000000003c0bcd4 method=org.apache.tomcat.util.bcel.classfile.JavaClass.getAnnotationEntries()[Lorg/apache/tomcat/util/bcel/classfile/AnnotationEntry; @ 43
Event: 9.746 Thread 0x000000001d214800 Uncommon trap: reason=class_check action=maybe_recompile pc=0x0000000003c0bcd4 method=org.apache.tomcat.util.bcel.classfile.JavaClass.getAnnotationEntries()[Lorg/apache/tomcat/util/bcel/classfile/AnnotationEntry; @ 43
Event: 9.747 Thread 0x000000001d214800 Uncommon trap: reason=class_check action=maybe_recompile pc=0x0000000003c0bcd4 method=org.apache.tomcat.util.bcel.classfile.JavaClass.getAnnotationEntries()[Lorg/apache/tomcat/util/bcel/classfile/AnnotationEntry; @ 43

Internal exceptions (10 events):
Event: 9.106 Thread 0x000000001d214800 Exception <a 'java/security/PrivilegedActionException'> (0x00000000d749a8d0) thrown at [D:\re\workspace\8-2-build-windows-amd64-cygwin\jdk8u20\1074\hotspot\src\share\vm\prims\jvm.cpp, line 1275]
Event: 9.107 Thread 0x000000001d214800 Exception <a 'java/security/PrivilegedActionException'> (0x00000000d74a2930) thrown at [D:\re\workspace\8-2-build-windows-amd64-cygwin\jdk8u20\1074\hotspot\src\share\vm\prims\jvm.cpp, line 1275]
Event: 9.107 Thread 0x000000001d214800 Exception <a 'java/security/PrivilegedActionException'> (0x00000000d74a83f8) thrown at [D:\re\workspace\8-2-build-windows-amd64-cygwin\jdk8u20\1074\hotspot\src\share\vm\prims\jvm.cpp, line 1275]
Event: 9.108 Thread 0x000000001d214800 Exception <a 'java/security/PrivilegedActionException'> (0x00000000d74ad7d0) thrown at [D:\re\workspace\8-2-build-windows-amd64-cygwin\jdk8u20\1074\hotspot\src\share\vm\prims\jvm.cpp, line 1275]
Event: 9.108 Thread 0x000000001d214800 Exception <a 'java/security/PrivilegedActionException'> (0x00000000d74b3558) thrown at [D:\re\workspace\8-2-build-windows-amd64-cygwin\jdk8u20\1074\hotspot\src\share\vm\prims\jvm.cpp, line 1275]
Event: 9.109 Thread 0x000000001d214800 Exception <a 'java/security/PrivilegedActionException'> (0x00000000d74b9948) thrown at [D:\re\workspace\8-2-build-windows-amd64-cygwin\jdk8u20\1074\hotspot\src\share\vm\prims\jvm.cpp, line 1275]
Event: 9.109 Thread 0x000000001d214800 Exception <a 'java/security/PrivilegedActionException'> (0x00000000d74bedb8) thrown at [D:\re\workspace\8-2-build-windows-amd64-cygwin\jdk8u20\1074\hotspot\src\share\vm\prims\jvm.cpp, line 1275]
Event: 9.706 Thread 0x000000001d214800 Exception <a 'java/security/PrivilegedActionException'> (0x00000000d808b4b0) thrown at [D:\re\workspace\8-2-build-windows-amd64-cygwin\jdk8u20\1074\hotspot\src\share\vm\prims\jvm.cpp, line 1275]
Event: 9.706 Thread 0x000000001d214800 Exception <a 'java/security/PrivilegedActionException'> (0x00000000d8093488) thrown at [D:\re\workspace\8-2-build-windows-amd64-cygwin\jdk8u20\1074\hotspot\src\share\vm\prims\jvm.cpp, line 1275]
Event: 9.707 Thread 0x000000001d214800 Exception <a 'java/security/PrivilegedActionException'> (0x00000000d8093f10) thrown at [D:\re\workspace\8-2-build-windows-amd64-cygwin\jdk8u20\1074\hotspot\src\share\vm\prims\jvm.cpp, line 1275]

Events (10 events):
Event: 10.382 Executing VM operation: RevokeBias done
Event: 10.383 Executing VM operation: RevokeBias
Event: 10.383 Executing VM operation: RevokeBias done
Event: 10.383 Executing VM operation: BulkRevokeBias
Event: 10.384 Executing VM operation: BulkRevokeBias done
Event: 10.387 Executing VM operation: BulkRevokeBias
Event: 10.387 Executing VM operation: BulkRevokeBias done
Event: 10.415 Thread 0x0000000019f4a800 flushing nmethod 0x0000000002feff10
Event: 10.415 Thread 0x0000000019f4a800 flushing nmethod 0x000000000304a090
Event: 10.415 Thread 0x0000000019f4a800 flushing nmethod 0x000000000304e150


Dynamic libraries:
0x00007ff7fc050000 - 0x00007ff7fc084000 	C:\Program Files\Java\jdk1.8.0_20\bin\java.exe
0x00007ffe5b990000 - 0x00007ffe5bb7d000 	C:\WINDOWS\SYSTEM32\ntdll.dll
0x00007ffe59470000 - 0x00007ffe59523000 	C:\WINDOWS\System32\KERNEL32.DLL
0x00007ffe58860000 - 0x00007ffe58af5000 	C:\WINDOWS\System32\KERNELBASE.dll
0x00007ffe59090000 - 0x00007ffe59133000 	C:\WINDOWS\System32\ADVAPI32.dll
0x00007ffe59230000 - 0x00007ffe592ce000 	C:\WINDOWS\System32\msvcrt.dll
0x00007ffe5b8c0000 - 0x00007ffe5b95e000 	C:\WINDOWS\System32\sechost.dll
0x00007ffe58bb0000 - 0x00007ffe58cd2000 	C:\WINDOWS\System32\RPCRT4.dll
0x00007ffe5add0000 - 0x00007ffe5af67000 	C:\WINDOWS\System32\USER32.dll
0x00007ffe57c80000 - 0x00007ffe57ca0000 	C:\WINDOWS\System32\win32u.dll
0x00007ffe59150000 - 0x00007ffe59179000 	C:\WINDOWS\System32\GDI32.dll
0x00007ffe58620000 - 0x00007ffe587b9000 	C:\WINDOWS\System32\gdi32full.dll
0x00007ffe587c0000 - 0x00007ffe58860000 	C:\WINDOWS\System32\msvcp_win.dll
0x00007ffe57d80000 - 0x00007ffe57e7a000 	C:\WINDOWS\System32\ucrtbase.dll
0x00007ffe4ce20000 - 0x00007ffe4d099000 	C:\WINDOWS\WinSxS\amd64_microsoft.windows.common-controls_6595b64144ccf1df_6.0.17763.1158_none_de722d88534a897f\COMCTL32.dll
0x00007ffe58d00000 - 0x00007ffe5902c000 	C:\WINDOWS\System32\combase.dll
0x00007ffe57ca0000 - 0x00007ffe57d1e000 	C:\WINDOWS\System32\bcryptPrimitives.dll
0x00007ffe592d0000 - 0x00007ffe592fe000 	C:\WINDOWS\System32\IMM32.DLL
0x0000000066c60000 - 0x0000000066d32000 	C:\Program Files\Java\jdk1.8.0_20\jre\bin\msvcr100.dll
0x0000000065df0000 - 0x0000000066648000 	C:\Program Files\Java\jdk1.8.0_20\jre\bin\server\jvm.dll
0x00007ffe59140000 - 0x00007ffe59148000 	C:\WINDOWS\System32\PSAPI.DLL
0x00007ffe4c0c0000 - 0x00007ffe4c0e4000 	C:\WINDOWS\SYSTEM32\WINMM.dll
0x00007ffe54670000 - 0x00007ffe54679000 	C:\WINDOWS\SYSTEM32\WSOCK32.dll
0x00007ffe59660000 - 0x00007ffe596cd000 	C:\WINDOWS\System32\WS2_32.dll
0x00007ffe4c050000 - 0x00007ffe4c07d000 	C:\WINDOWS\SYSTEM32\winmmbase.dll
0x00007ffe57c30000 - 0x00007ffe57c7a000 	C:\WINDOWS\System32\cfgmgr32.dll
0x0000000066c50000 - 0x0000000066c5f000 	C:\Program Files\Java\jdk1.8.0_20\jre\bin\verify.dll
0x0000000066c20000 - 0x0000000066c48000 	C:\Program Files\Java\jdk1.8.0_20\jre\bin\java.dll
0x0000000066be0000 - 0x0000000066c15000 	C:\Program Files\Java\jdk1.8.0_20\jre\bin\jdwp.dll
0x0000000066bd0000 - 0x0000000066bd8000 	C:\Program Files\Java\jdk1.8.0_20\jre\bin\npt.dll
0x0000000066ba0000 - 0x0000000066bc3000 	C:\Program Files\Java\jdk1.8.0_20\jre\bin\instrument.dll
0x0000000066b80000 - 0x0000000066b96000 	C:\Program Files\Java\jdk1.8.0_20\jre\bin\zip.dll
0x00007ffe598d0000 - 0x00007ffe5adc4000 	C:\WINDOWS\System32\SHELL32.dll
0x00007ffe59180000 - 0x00007ffe59228000 	C:\WINDOWS\System32\shcore.dll
0x00007ffe57e80000 - 0x00007ffe585cd000 	C:\WINDOWS\System32\windows.storage.dll
0x00007ffe579c0000 - 0x00007ffe579e4000 	C:\WINDOWS\System32\profapi.dll
0x00007ffe579f0000 - 0x00007ffe57a4d000 	C:\WINDOWS\System32\powrprof.dll
0x00007ffe59030000 - 0x00007ffe59082000 	C:\WINDOWS\System32\shlwapi.dll
0x00007ffe579a0000 - 0x00007ffe579b1000 	C:\WINDOWS\System32\kernel.appcore.dll
0x00007ffe58600000 - 0x00007ffe58617000 	C:\WINDOWS\System32\cryptsp.dll
0x0000000066b70000 - 0x0000000066b79000 	C:\Program Files\Java\jdk1.8.0_20\jre\bin\dt_socket.dll
0x00007ffe3b640000 - 0x00007ffe3b74d000 	C:\WINDOWS\SysWOW64\ierd_tgp_lsp64.dll
0x00007ffe5b280000 - 0x00007ffe5b3d5000 	C:\WINDOWS\System32\ole32.dll
0x00007ffe571c0000 - 0x00007ffe57227000 	C:\WINDOWS\system32\mswsock.dll
0x00007ffe56d40000 - 0x00007ffe56d73000 	C:\WINDOWS\system32\rsaenh.dll
0x00007ffe585d0000 - 0x00007ffe585f6000 	C:\WINDOWS\System32\bcrypt.dll
0x00007ffe578b0000 - 0x00007ffe578d8000 	C:\WINDOWS\SYSTEM32\USERENV.dll
0x00007ffe57390000 - 0x00007ffe5739c000 	C:\WINDOWS\SYSTEM32\CRYPTBASE.dll
0x0000000066b50000 - 0x0000000066b6a000 	C:\Program Files\Java\jdk1.8.0_20\jre\bin\net.dll
0x00007ffe56ee0000 - 0x00007ffe56f1d000 	C:\WINDOWS\SYSTEM32\IPHLPAPI.DLL
0x00007ffe5af70000 - 0x00007ffe5af78000 	C:\WINDOWS\System32\NSI.dll
0x00007ffe52b50000 - 0x00007ffe52b66000 	C:\WINDOWS\SYSTEM32\dhcpcsvc6.DLL
0x00007ffe528f0000 - 0x00007ffe5290c000 	C:\WINDOWS\SYSTEM32\dhcpcsvc.DLL
0x00007ffe56f30000 - 0x00007ffe56ff7000 	C:\WINDOWS\SYSTEM32\DNSAPI.dll
0x0000000066b30000 - 0x0000000066b41000 	C:\Program Files\Java\jdk1.8.0_20\jre\bin\nio.dll
0x00007ffe533d0000 - 0x00007ffe533da000 	C:\Users\leo\AppData\Local\Temp\jansi-1.17.1-3158471662608060080.dll
0x00007ffe525f0000 - 0x00007ffe525fa000 	C:\Users\leo\AppData\Local\Temp\jansi-1.17.1-1587783246628120803.dll
0x0000000066b20000 - 0x0000000066b2d000 	C:\Program Files\Java\jdk1.8.0_20\jre\bin\management.dll
0x00007ffe4f460000 - 0x00007ffe4f64d000 	C:\WINDOWS\SYSTEM32\dbghelp.dll

VM Arguments:
jvm_args: -agentlib:jdwp=transport=dt_socket,address=127.0.0.1:57889,suspend=y,server=n -Dmaven.multiModuleProjectDirectory=D:\java_lianxi\JAVA\Java-review\project\taotao-parent\taotao-cart -Dmaven.home=D:\java_lianxi\JAVA\apache-maven-3.5.4 -Dclassworlds.conf=D:\java_lianxi\JAVA\apache-maven-3.5.4\bin\m2.conf -Dmaven.ext.class.path=C:\Program Files\JetBrains\IntelliJ IDEA 2019.2.4\plugins\maven\lib\maven-event-listener.jar -javaagent:C:\Users\leo\.IntelliJIdea2019.3\system\captureAgent\debugger-agent.jar -Dfile.encoding=UTF-8 
java_command: org.codehaus.classworlds.Launcher -Didea.version2019.3.3 -Dmaven.repo.local=D:\java_lianxi\Maven tomcat7:run
java_class_path (initial): D:\java_lianxi\JAVA\apache-maven-3.5.4\boot\plexus-classworlds-2.5.2.jar;C:\Program Files\JetBrains\IntelliJ IDEA 2019.2.4\lib\idea_rt.jar;C:\Users\leo\.IntelliJIdea2019.3\system\captureAgent\debugger-agent.jar
Launcher Type: SUN_STANDARD

Environment Variables:
JAVA_HOME=C:\Program Files\Java\jdk1.8.0_20
CLASSPATH=.;C:\Program Files\Java\jdk1.8.0_20\lib;C:\Program Files\Java\jdk1.8.0_20\lib\tools.jar
PATH=C:\ProgramData\Oracle\Java\javapath;C:\WINDOWS\system32;C:\WINDOWS;C:\WINDOWS\System32\Wbem;C:\WINDOWS\System32\WindowsPowerShell\v1.0\;C:\WINDOWS\System32\OpenSSH\;D:\java_lianxi\JAVA\apache-maven-3.5.4\bin;"C:\Program Files\Java\jdk1.8.0_20\bin;C:\Program Files\Java\jdk1.8.0_20\jre\bin;";C:\Program Files (x86)\NVIDIA Corporation\PhysX\Common;C:\Program Files\NVIDIA Corporation\NVIDIA NvDLISR;"C:\Program Files\Java\jdk1.8.0_20\bin;C:\Program Files\Java\jdk1.8.0_20\jre\bin";D:\java_lianxi\JAVA\git\cmd;C:\Users\leo\AppData\Local\Microsoft\WindowsApps;;C:\Users\leo\AppData\Local\Programs\Microsoft VS Code\bin
USERNAME=leo
OS=Windows_NT
PROCESSOR_IDENTIFIER=Intel64 Family 6 Model 58 Stepping 9, GenuineIntel



---------------  S Y S T E M  ---------------

OS: Windows 8.1 , 64 bit Build 9600 

CPU:total 8 (4 cores per cpu, 2 threads per core) family 6 model 58 stepping 9, cmov, cx8, fxsr, mmx, sse, sse2, sse3, ssse3, sse4.1, sse4.2, popcnt, avx, aes, clmul, erms, ht, tsc, tscinvbit, tscinv

Memory: 4k page, physical 8350264k(812992k free), swap 15304908k(1791088k free)

vm_info: Java HotSpot(TM) 64-Bit Server VM (25.20-b23) for windows-amd64 JRE (1.8.0_20-b26), built on Jul 30 2014 13:51:23 by "java_re" with MS VC++ 10.0 (VS2010)

time: Sat Jul 18 14:56:08 2020
elapsed time: 10 seconds (0d 0h 0m 10s)

